Arguments: 
  C:\Program Files\nodejs\node.exe C:\Program Files (x86)\Yarn\bin\yarn.js add

PATH: 
  C:\Program Files (x86)\Common Files\Oracle\Java\javapath;C:\Python27\;C:\Python27\Scripts;C:\Program Files (x86)\NVIDIA Corporation\PhysX\Common;C:\Program Files\kotlinc\bin;C:\Users\Sambhav Jain\AppData\Local\Programs\python.exe;C:\Program Files\MongoDB\Server\3.4\bin;C:\ProgramData\Oracle\Java\javapath;C:\WINDOWS\system32;C:\WINDOWS;C:\WINDOWS\System32\Wbem;C:\WINDOWS\System32\WindowsPowerShell\v1.0\;C:\ProgramData\chocolatey\bin;C:\Program Files (x86)\vim\vim80;C:\Program Files (x86)\Windows Kits\8.1\Windows Performance Toolkit\;C:\Program Files (x86)\Notepad++;C:\Program Files\Microsoft SQL Server\130\Tools\Binn\;C:\Program Files\Git\cmd;C:\WINDOWS\system32;C:\WINDOWS;C:\WINDOWS\System32\Wbem;C:\WINDOWS\System32\WindowsPowerShell\v1.0\;C:\Program Files\nodejs\;C:\Program Files\Geth;C:\Program Files (x86)\Yarn\bin\;C:\Program Files\Intel\WiFi\bin\;C:\Program Files\Common Files\Intel\WirelessCommon\;C:\Program Files\Java\jdk1.8.0_162\bin;C:\Program Files\dotnet\;D:\COLLEGE\second-year\sem-4\flutter\bin;C:\Users\Sambhav Jain\AppData\Local\Android\Sdk\platform-tools;C:\Users\Sambhav Jain\AppData\Local\atom\bin;C:\tools\mysql\current\bin;C:\Users\Sambhav Jain\AppData\Roaming\Dashlane\4.6.6.23032\bin\Firefox_Extension\{442718d9-475e-452a-b3e1-fb1ee16b8e9f}\components;C:\Users\Sambhav Jain\AppData\Local\Microsoft\WindowsApps;C:\Program Files\Microsoft VS Code\bin;C:\Users\Sambhav Jain\AppData\Roaming\npm;C:\Program Files\Docker Toolbox;C:\Program Files\Heroku\bin;C:\Users\Sambhav Jain\AppData\Local\Hasura\;C:\Users\Sambhav Jain\AppData\Local\Yarn\bin;C:\Program Files\Intel\WiFi\bin\;C:\Program Files\Common Files\Intel\WirelessCommon\;

Yarn version: 
  1.5.1

Node version: 
  9.1.0

Platform: 
  win32 x64

npm manifest: 
  {
    "name": "app-1",
    "version": "1.0.0",
    "description": "",
    "author": "sambhav2612 <sambhavjain2612@gmail.com>",
    "license": "ISC",
    "repository": "https://github.com/sambhav2612/probot1.git",
    "scripts": {
      "dev": "nodemon --exec \"npm start\"",
      "start": "probot run ./index.js",
      "lint": "standard --fix",
      "test": "jest && standard",
      "test:watch": "jest --watch --notify --notifyMode=change --coverage"
    },
    "dependencies": {
      "probot": "^6.0.0"
    },
    "devDependencies": {
      "jest": "^22.4.3",
      "nodemon": "^1.17.2",
      "smee-client": "^1.0.1",
      "standard": "^10.0.3"
    },
    "engines": {
      "node": ">= 8.3.0"
    },
    "standard": {
      "env": [
        "jest"
      ]
    }
  }

yarn manifest: 
  No manifest

Lockfile: 
  No lockfile

Trace: 
  Error: Missing list of packages to add to your project.
      at new MessageError (C:\Program Files (x86)\Yarn\lib\cli.js:186:110)
      at Object.<anonymous> (C:\Program Files (x86)\Yarn\lib\cli.js:40587:13)
      at Generator.next (<anonymous>)
      at step (C:\Program Files (x86)\Yarn\lib\cli.js:98:30)
      at C:\Program Files (x86)\Yarn\lib\cli.js:116:14
      at new Promise (<anonymous>)
      at new F (C:\Program Files (x86)\Yarn\lib\cli.js:23451:28)
      at Object.<anonymous> (C:\Program Files (x86)\Yarn\lib\cli.js:95:12)
      at Object.run (C:\Program Files (x86)\Yarn\lib\cli.js:40599:19)
      at run (C:\Program Files (x86)\Yarn\lib\cli.js:89113:20)
